{"message":"After service configuration","level":"info"}
{"message":"App started @ http://localhost:5000","level":"info"}
{"message":"After service configuration","level":"info"}
{"message":"App started @ http://localhost:5000","level":"info"}
{"message":"@Movie controller. Query: sta and page # 1","level":"info"}
{"message":"@Movie controller. Query: star and page # 1","level":"info"}
{"message":"@Movie controller. Query: star and page # 1","level":"info"}
{"message":"@Movie controller. Query: sta and page # 1","level":"info"}
{"message":"@Movie controller. Query: star and page # 1","level":"info"}
{"message":"@Movie controller. Query: star and page # 1","level":"info"}
{"message":"@Movie controller. Query: star and page # 1","level":"info"}
{"message":"@Movie controller. Query: star and page # 1","level":"info"}
{"message":"@Movie controller. Query: star and page # 1","level":"info"}
{"message":"@Movie controller. Query: star and page # 1","level":"info"}
{"message":"@Movie controller. Query: star and page # 1","level":"info"}
{"message":"@Movie controller. Query: st and page # 1","level":"info"}
{"message":"@Movie controller. Query: s and page # 1","level":"info"}
{"message":"@Movie controller. Query: sta and page # 1","level":"info"}
{"message":"@Movie controller. Query: star and page # 1","level":"info"}
{"message":"@Movie controller. Query: star and page # 1","level":"info"}
{"message":"@Movie controller. Query: star and page # 1","level":"info"}
{"message":"@Movie controller. Query: star and page # 1","level":"info"}
{"message":"@Movie controller. Query: sta and page # 1","level":"info"}
{"message":"@Movie controller. Query: star and page # 1","level":"info"}
{"message":"@Movie controller. Query: star and page # 1","level":"info"}
{"message":"@Movie controller. Query: star and page # 1","level":"info"}
{"message":"@Movie controller. Query: star and page # 2","level":"info"}
{"message":"@Movie controller. Query: star and page # 3","level":"info"}
{"message":"@Movie controller. Query: star and page # 4","level":"info"}
{"message":"@Movie controller. Query: star and page # 5","level":"info"}
{"message":"@Movie controller. Query: star and page # 6","level":"info"}
{"message":"@Movie controller. Query: star and page # 7","level":"info"}
{"message":"@Movie controller. Query: star and page # 8","level":"info"}
{"message":"@Movie controller. Query: star and page # 9","level":"info"}
{"message":"@Movie controller. Query: st and page # 9","level":"info"}
{"message":"@Movie controller. Query: s and page # 9","level":"info"}
{"message":"@Movie controller. Query: ba and page # 9","level":"info"}
{"message":"@Movie controller. Query: bad and page # 1","level":"info"}
{"message":"@Movie controller. Query: bad and page # 1","level":"info"}
{"message":"@Movie controller. Query: bad  and page # 1","level":"info"}
{"message":"@Movie controller. Query: bad s and page # 1","level":"info"}
{"message":"@Movie controller. Query: bad sa and page # 1","level":"info"}
{"message":"@Movie controller. Query: bad san and page # 1","level":"info"}
{"message":"@Movie controller. Query: bad santa and page # 1","level":"info"}
{"message":"@Movie controller. Query: bad santa and page # 1","level":"info"}
{"message":"@Movie controller. Query: bad sant and page # 1","level":"info"}
{"message":"@Movie controller. Query: bad sa and page # 1","level":"info"}
{"message":"@Movie controller. Query: bad s and page # 1","level":"info"}
{"message":"@Movie controller. Query: bad s and page # 1","level":"info"}
{"message":"@Movie controller. Query: bad  and page # 1","level":"info"}
{"message":"@Movie controller. Query: bad and page # 1","level":"info"}
{"message":"@Movie controller. Query: ba and page # 1","level":"info"}
{"message":"@Movie controller. Query: b and page # 1","level":"info"}
{"message":"@Movie controller. Query: he and page # 1","level":"info"}
{"message":"@Movie controller. Query: hel and page # 1","level":"info"}
{"message":"@Movie controller. Query: hell and page # 1","level":"info"}
{"message":"@Movie controller. Query: hell and page # 1","level":"info"}
{"message":"@Movie controller. Query: hell  and page # 1","level":"info"}
{"message":"@Movie controller. Query: hell b and page # 1","level":"info"}
{"message":"@Movie controller. Query: hell bo and page # 1","level":"info"}
{"message":"@Movie controller. Query: hell boy and page # 1","level":"info"}
{"message":"@Movie controller. Query: hell bo and page # 1","level":"info"}
{"message":"@Movie controller. Query: hell b and page # 1","level":"info"}
{"message":"@Movie controller. Query: hell b and page # 1","level":"info"}
{"message":"@Movie controller. Query: hell  and page # 1","level":"info"}
{"message":"@Movie controller. Query: hell and page # 1","level":"info"}
{"message":"@Movie controller. Query: hell  and page # 1","level":"info"}
{"message":"@Movie controller. Query: hell b and page # 1","level":"info"}
{"message":"@Movie controller. Query: hell boy and page # 1","level":"info"}
{"message":"@Movie controller. Query: hell boy and page # 1","level":"info"}
{"message":"@Movie controller. Query: hell bo and page # 1","level":"info"}
{"message":"@Movie controller. Query: hell bo and page # 1","level":"info"}
{"message":"@Movie controller. Query: hell boy and page # 1","level":"info"}
{"message":"@Movie controller. Query: hell b and page # 1","level":"info"}
{"message":"@Movie controller. Query: hell b and page # 1","level":"info"}
{"message":"@Movie controller. Query: hell  and page # 1","level":"info"}
{"message":"@Movie controller. Query: hell  and page # 1","level":"info"}
{"message":"@Movie controller. Query: hell  and page # 3","level":"info"}
{"message":"@Movie controller. Query: hell b and page # 3","level":"info"}
{"message":"@Movie controller. Query: hell bo and page # 3","level":"info"}
{"message":"@Movie controller. Query: hell boy and page # 3","level":"info"}
{"message":"@Movie controller. Query: hell bo and page # 3","level":"info"}
{"message":"@Movie controller. Query: hell b and page # 3","level":"info"}
{"message":"@Movie controller. Query: hell  and page # 1","level":"info"}
{"message":"@Movie controller. Query: hell  and page # 1","level":"info"}
{"message":"@Movie controller. Query: hell and page # 1","level":"info"}
{"message":"@Movie controller. Query: hell  and page # 1","level":"info"}
{"message":"@Movie controller. Query: hell b and page # 1","level":"info"}
{"message":"@Movie controller. Query: hell bo and page # 1","level":"info"}
{"message":"@Movie controller. Query: hell boy and page # 1","level":"info"}
{"message":"@Movie controller. Query: tra and page # 1","level":"info"}
{"message":"@Movie controller. Query: tra and page # 1","level":"info"}
{"message":"@Movie controller. Query: tra and page # 1","level":"info"}
{"message":"@Movie controller. Query: trav and page # 1","level":"info"}
{"message":"@Movie controller. Query: trave and page # 1","level":"info"}
{"message":"@Movie controller. Query: travel and page # 1","level":"info"}
{"message":"@Movie controller. Query: travell and page # 1","level":"info"}
{"message":"@Movie controller. Query: travelle and page # 1","level":"info"}
{"message":"@Movie controller. Query: traveller and page # 1","level":"info"}
{"message":"@Movie controller. Query: travellers and page # 1","level":"info"}
{"message":"@Movie controller. Query: travelle and page # 1","level":"info"}
{"message":"@Movie controller. Query: travelle and page # 1","level":"info"}
{"message":"@Movie controller. Query: travell and page # 1","level":"info"}
{"message":"@Movie controller. Query: travel and page # 1","level":"info"}
{"message":"@Movie controller. Query: trave and page # 1","level":"info"}
{"message":"@Movie controller. Query: trav and page # 1","level":"info"}
{"message":"@Movie controller. Query: trav and page # 1","level":"info"}
{"message":"@Movie controller. Query: tra and page # 1","level":"info"}
{"message":"@Movie controller. Query: tr and page # 1","level":"info"}
